c:\programdata\nvidia corporation\cuda samples\v10.0\5_simulations\particles - copy\x64\debug\vc141.pdb
c:\programdata\nvidia corporation\cuda samples\v10.0\5_simulations\particles - copy\x64\debug\vc141.idb
c:\programdata\nvidia corporation\cuda samples\v10.0\5_simulations\particles - copy\x64\debug\shaders.obj
c:\programdata\nvidia corporation\cuda samples\v10.0\5_simulations\particles - copy\x64\debug\render_particles.obj
c:\programdata\nvidia corporation\cuda samples\v10.0\bin\win64\debug\particles.lib
c:\programdata\nvidia corporation\cuda samples\v10.0\bin\win64\debug\particles.exp
c:\programdata\nvidia corporation\cuda samples\v10.0\5_simulations\particles - copy\x64\debug\particlesystem_cuda.cu.cache
c:\programdata\nvidia corporation\cuda samples\v10.0\5_simulations\particles - copy\x64\debug\pbf_solver_gpu.cu.cache
c:\programdata\nvidia corporation\cuda samples\v10.0\5_simulations\particles - copy\x64\debug\particles.obj
c:\programdata\nvidia corporation\cuda samples\v10.0\5_simulations\particles - copy\x64\debug\particlesystem.obj
c:\programdata\nvidia corporation\cuda samples\v10.0\5_simulations\particles - copy\x64\debug\particlesystem_cuda.cu.obj
c:\programdata\nvidia corporation\cuda samples\v10.0\5_simulations\particles - copy\x64\debug\particles.tlog\cl.command.1.tlog
c:\programdata\nvidia corporation\cuda samples\v10.0\5_simulations\particles - copy\x64\debug\particles.tlog\cl.read.1.tlog
c:\programdata\nvidia corporation\cuda samples\v10.0\5_simulations\particles - copy\x64\debug\particles.tlog\cl.write.1.tlog
c:\programdata\nvidia corporation\cuda samples\v10.0\5_simulations\particles - copy\x64\debug\particles.tlog\link.7684-cvtres.read.1.tlog
c:\programdata\nvidia corporation\cuda samples\v10.0\5_simulations\particles - copy\x64\debug\particles.tlog\link.7684-cvtres.write.1.tlog
c:\programdata\nvidia corporation\cuda samples\v10.0\5_simulations\particles - copy\x64\debug\particles.tlog\link.7684-rc.read.1.tlog
c:\programdata\nvidia corporation\cuda samples\v10.0\5_simulations\particles - copy\x64\debug\particles.tlog\link.7684-rc.write.1.tlog
c:\programdata\nvidia corporation\cuda samples\v10.0\5_simulations\particles - copy\x64\debug\particles.tlog\link.7684.read.1.tlog
c:\programdata\nvidia corporation\cuda samples\v10.0\5_simulations\particles - copy\x64\debug\particles.tlog\link.7684.write.1.tlog
c:\programdata\nvidia corporation\cuda samples\v10.0\5_simulations\particles - copy\x64\debug\particles.tlog\link.command.1.tlog
c:\programdata\nvidia corporation\cuda samples\v10.0\5_simulations\particles - copy\x64\debug\particles.tlog\link.delete.1.tlog
c:\programdata\nvidia corporation\cuda samples\v10.0\5_simulations\particles - copy\x64\debug\particles.tlog\link.read.1.tlog
c:\programdata\nvidia corporation\cuda samples\v10.0\5_simulations\particles - copy\x64\debug\particles.tlog\link.write.1.tlog
c:\programdata\nvidia corporation\cuda samples\v10.0\5_simulations\particles - copy\x64\debug\particles.tlog\particles.write.1u.tlog
